2022-09-19 12:53:55pm: --------------------------
2022-09-19 12:53:55pm: --------NEW REQUEST-------
2022-09-19 12:53:55pm: Start page loading
2022-09-19 12:53:55pm: Send access token request
2022-09-19 12:53:55pm: Recieve access token request
2022-09-19 12:53:55pm: Start GET data request
2022-09-19 12:54:00pm: Retrieve GET data request
2022-09-19 12:54:00pm:  print company data 
2022-09-19 12:54:00pm:  print company data End 
2022-09-19 12:54:00pm:  print statistical circles data 
2022-09-19 12:54:00pm: -----------END------------
2022-09-19 12:55:17pm: --------------------------
2022-09-19 12:55:17pm: --------NEW REQUEST-------
2022-09-19 12:55:17pm: Start page loading
2022-09-19 12:55:17pm: Send access token request
2022-09-19 12:55:17pm: Recieve access token request
2022-09-19 12:55:17pm: Start GET data request
2022-09-19 12:55:21pm: Retrieve GET data request
2022-09-19 12:55:21pm:  print company data 
2022-09-19 12:55:21pm:  print company data End 
2022-09-19 12:55:21pm:  print statistical circles data 
2022-09-19 12:55:21pm: -----------END------------
2022-09-19 12:55:42pm: --------------------------
2022-09-19 12:55:42pm: --------NEW REQUEST-------
2022-09-19 12:55:42pm: Start page loading
2022-09-19 12:55:42pm: Send access token request
2022-09-19 12:55:42pm: Recieve access token request
2022-09-19 12:55:42pm: Start GET data request
2022-09-19 12:55:46pm: Retrieve GET data request
2022-09-19 12:55:46pm:  print company data 
2022-09-19 12:55:46pm:  print company data End 
2022-09-19 12:55:46pm:  print statistical circles data 
2022-09-19 12:55:46pm: -----------END------------
2022-09-19 12:57:00pm: --------------------------
2022-09-19 12:57:00pm: --------NEW REQUEST-------
2022-09-19 12:57:00pm: Start page loading
2022-09-19 12:57:00pm: Send access token request
2022-09-19 12:57:00pm: Recieve access token request
2022-09-19 12:57:00pm: Start GET data request
2022-09-19 12:57:05pm: Retrieve GET data request
2022-09-19 12:57:05pm:  print company data 
2022-09-19 12:57:05pm:  print company data End 
2022-09-19 12:57:05pm:  print statistical circles data 
2022-09-19 12:57:05pm: -----------END------------
2022-09-19 12:58:57pm: --------------------------
2022-09-19 12:58:57pm: --------NEW REQUEST-------
2022-09-19 12:58:57pm: Start page loading
2022-09-19 12:58:57pm: Send access token request
2022-09-19 12:58:57pm: Recieve access token request
2022-09-19 12:58:57pm: Start GET data request
2022-09-19 12:59:03pm: Retrieve GET data request
2022-09-19 12:59:03pm:  print company data 
2022-09-19 12:59:03pm:  print company data End 
2022-09-19 12:59:03pm:  print statistical circles data 
2022-09-19 12:59:03pm: -----------END------------
